<?xml version="1.0" encoding="UTF-8"?>
<!-- Generated by org.testng.reporters.JUnitReportReporter -->
<testsuite hostname="DESKTOP-SQUR7HE" failures="0" tests="5" name="com.test.FirstTestNG" time="21.167" errors="0" timestamp="2023-07-14T08:42:51 IST" skipped="0">
  <testcase classname="com.test.FirstTestNG" name="getURL" time="5.782"/>
  <system-out/>
  <testcase classname="com.test.FirstTestNG" name="credential" time="6.144"/>
  <system-out/>
  <testcase classname="com.test.FirstTestNG" name="login" time="3.078"/>
  <system-out/>
  <testcase classname="com.test.FirstTestNG" name="logout" time="6.089"/>
  <system-out/>
  <testcase classname="com.test.FirstTestNG" name="close" time="0.074"/>
  <system-out/>
</testsuite> <!-- com.test.FirstTestNG -->
