<?xml version="1.0" encoding="UTF-8"?>
<!-- Generated by org.testng.reporters.JUnitReportReporter -->
<testsuite hostname="DESKTOP-SQUR7HE" failures="0" tests="2" name="com.suit2.DemoBlaze" time="10.343" errors="0" timestamp="2023-07-17T09:29:11 IST" skipped="0">
  <testcase classname="com.suit2.DemoBlaze" name="logout" time="2.075"/>
  <system-out/>
  <testcase classname="com.suit2.DemoBlaze" name="login" time="8.268"/>
  <system-out/>
</testsuite> <!-- com.suit2.DemoBlaze -->
