<?xml version="1.0" encoding="UTF-8"?>
<!-- Generated by org.testng.reporters.JUnitReportReporter -->
<testsuite hostname="DESKTOP-SQUR7HE" failures="0" tests="4" name="com.test.GroupTestNG" time="0.006" errors="0" timestamp="2023-07-17T08:43:58 IST" skipped="0">
  <testcase classname="com.test.GroupTestNG" name="green2" time="0.001"/>
  <system-out/>
  <testcase classname="com.test.GroupTestNG" name="green_red" time="0.000"/>
  <system-out/>
  <testcase classname="com.test.GroupTestNG" name="green1" time="0.005"/>
  <system-out/>
  <testcase classname="com.test.GroupTestNG" name="green3" time="0.000"/>
  <system-out/>
</testsuite> <!-- com.test.GroupTestNG -->
