<?xml version="1.0" encoding="UTF-8"?>
<!-- Generated by org.testng.reporters.JUnitReportReporter -->
<testsuite hostname="DESKTOP-SQUR7HE" failures="0" tests="4" name="com.test.GroupDemoTestNG" time="3.262" errors="0" timestamp="2023-07-21T09:17:26 IST" skipped="0">
  <testcase classname="com.test.GroupDemoTestNG" name="test2" time="3.128"/>
  <system-out/>
  <testcase classname="com.test.GroupDemoTestNG" name="test1" time="0.043"/>
  <system-out/>
  <testcase classname="com.test.GroupDemoTestNG" name="test3" time="0.056"/>
  <system-out/>
  <testcase classname="com.test.GroupDemoTestNG" name="test4" time="0.035"/>
  <system-out/>
</testsuite> <!-- com.test.GroupDemoTestNG -->
