<?xml version="1.0" encoding="UTF-8"?>
<!-- Generated by org.testng.reporters.JUnitReportReporter -->
<testsuite hostname="DESKTOP-SQUR7HE" failures="0" tests="2" name="com.test.TestNGAnnotation" time="0.005" errors="0" timestamp="2023-07-17T08:35:03 IST" skipped="0">
  <testcase classname="com.test.TestNGAnnotation" name="test1" time="0.004"/>
  <system-out/>
  <testcase classname="com.test.TestNGAnnotation" name="test2" time="0.001"/>
  <system-out/>
</testsuite> <!-- com.test.TestNGAnnotation -->
