<?xml version="1.0" encoding="UTF-8"?>
<!-- Generated by org.testng.reporters.JUnitReportReporter -->
<testsuite hostname="DESKTOP-SQUR7HE" failures="0" tests="2" name="com.suit1.SauceDemo" time="10.393" errors="0" timestamp="2023-07-17T09:29:11 IST" skipped="0">
  <testcase classname="com.suit1.SauceDemo" name="login" time="6.238"/>
  <system-out/>
  <testcase classname="com.suit1.SauceDemo" name="logout" time="4.155"/>
  <system-out/>
</testsuite> <!-- com.suit1.SauceDemo -->
